<?xml version="1.0" encoding="UTF-8"?>
<testng-results ignored="0" total="1" passed="1" failed="0" skipped="0">
  <reporter-output>
  </reporter-output>
  <suite started-at="2023-06-27T22:07:42 IST" name="Suite" finished-at="2023-06-27T22:08:35 IST" duration-ms="53959">
    <groups>
    </groups>
    <test started-at="2023-06-27T22:07:42 IST" name="Test" finished-at="2023-06-27T22:08:35 IST" duration-ms="53959">
      <class name="AutomationApps.MyWebApp">
        <test-method signature="verifyTitle()[pri:0, instance:AutomationApps.MyWebApp@437da279]" started-at="2023-06-27T22:07:42 IST" name="verifyTitle" finished-at="2023-06-27T22:08:35 IST" duration-ms="53878" status="PASS">
          <reporter-output>
          </reporter-output>
        </test-method> <!-- verifyTitle -->
      </class> <!-- AutomationApps.MyWebApp -->
    </test> <!-- Test -->
  </suite> <!-- Suite -->
</testng-results>
