<?xml version="1.0" encoding="UTF-8"?>
<testng-results ignored="0" total="1" passed="1" failed="0" skipped="0">
  <reporter-output>
  </reporter-output>
  <suite started-at="2023-06-27T19:42:25 IST" name="Default suite" finished-at="2023-06-27T19:42:33 IST" duration-ms="7516">
    <groups>
    </groups>
    <test started-at="2023-06-27T19:42:25 IST" name="Default test" finished-at="2023-06-27T19:42:33 IST" duration-ms="7516">
      <class name="AutomationApps.MyWebApp">
        <test-method signature="verifyTitle()[pri:0, instance:AutomationApps.MyWebApp@2d52216b]" started-at="2023-06-27T19:42:26 IST" name="verifyTitle" finished-at="2023-06-27T19:42:33 IST" duration-ms="7456" status="PASS">
          <reporter-output>
          </reporter-output>
        </test-method> <!-- verifyTitle -->
      </class> <!-- AutomationApps.MyWebApp -->
    </test> <!-- Default test -->
  </suite> <!-- Default suite -->
</testng-results>
